[19:55:38] [ServerMain/INFO]: Environment: Environment[sessionHost=https://sessionserver.mojang.com, servicesHost=https://api.minecraftservices.com, name=PROD]
[19:55:41] [ServerMain/INFO]: Loaded 1175 recipes
[19:55:42] [ServerMain/INFO]: Loaded 1276 advancements
[19:55:42] [Server thread/INFO]: Starting minecraft server version 1.20.6
[19:55:42] [Server thread/INFO]: Loading properties
[19:55:42] [Server thread/INFO]: Default game type: SURVIVAL
[19:55:42] [Server thread/INFO]: Generating keypair
[19:55:42] [Server thread/INFO]: Starting Minecraft server on *:25565
[19:55:42] [Server thread/INFO]: Using epoll channel type
[19:55:42] [Server thread/WARN]: **** SERVER IS RUNNING IN OFFLINE/INSECURE MODE!
[19:55:42] [Server thread/WARN]: The server will make no attempt to authenticate usernames. Beware.
[19:55:42] [Server thread/WARN]: While this makes the game possible to play without internet access, it also opens up the ability for hackers to connect with any username they choose.
[19:55:42] [Server thread/WARN]: To change this, set "online-mode" to "true" in the server.properties file.
[19:55:42] [Server thread/INFO]: Preparing level "world"
[19:55:52] [Server thread/INFO]: Preparing start region for dimension minecraft:overworld
[19:55:54] [Worker-Main-1/INFO]: Preparing spawn area: 0%
[19:55:54] [Worker-Main-1/INFO]: Preparing spawn area: 0%
[19:55:54] [Worker-Main-1/INFO]: Preparing spawn area: 0%
[19:55:54] [Worker-Main-1/INFO]: Preparing spawn area: 0%
[19:55:54] [Worker-Main-1/INFO]: Preparing spawn area: 0%
[19:55:54] [Worker-Main-1/INFO]: Preparing spawn area: 0%
[19:55:55] [Worker-Main-1/INFO]: Preparing spawn area: 0%
[19:55:55] [Server thread/INFO]: Time elapsed: 3170 ms
[19:55:55] [Server thread/INFO]: Done (12.440s)! For help, type "help"
[20:01:57] [Server thread/INFO]: rafcat[/127.143.125.30:60193] logged in with entity id 4 at (-17.36001073840096, 63.0, -241.12360817712295)
[20:01:57] [Server thread/INFO]: rafcat joined the game
[20:07:52] [Server thread/INFO]: yerkoGm12[/127.143.125.30:58991] logged in with entity id 1459 at (-145.24240153816277, -3.0, 135.8881083186297)
[20:07:52] [Server thread/INFO]: yerkoGm12 joined the game
[20:13:18] [Server thread/INFO]: [Not Secure] <rafcat> d
[20:13:21] [Server thread/INFO]: [Not Secure] <yerkoGm12> D
[20:31:16] [Server thread/INFO]: [Not Secure] <yerkoGm12> X
[20:31:17] [Server thread/INFO]: [Not Secure] <yerkoGm12> d
[20:31:18] [Server thread/INFO]: [Not Secure] <rafcat> d
[20:46:12] [Server thread/INFO]: rafcat has made the advancement [Take Aim]
[20:57:38] [Server thread/INFO]: yerkoGm12 lost connection: Disconnected
[20:57:38] [Server thread/INFO]: yerkoGm12 left the game
[20:58:50] [Server thread/INFO]: yerkoGm12[/127.143.125.30:38331] logged in with entity id 23495 at (-220.56966728952935, -50.0, 150.87048052481933)
[20:58:50] [Server thread/INFO]: yerkoGm12 joined the game
[21:10:16] [Server thread/INFO]: hifese[/127.143.125.30:54273] logged in with entity id 28938 at (-78.30583232245857, 67.0, 92.85443788941937)
[21:10:16] [Server thread/INFO]: hifese joined the game
[21:11:00] [Server thread/INFO]: rafcat lost connection: Disconnected
[21:11:00] [Server thread/INFO]: rafcat left the game
[21:11:00] [Server thread/INFO]: yerkoGm12 lost connection: Disconnected
[21:11:00] [Server thread/INFO]: yerkoGm12 left the game
[21:11:03] [Server thread/INFO]: yerkoGm12[/127.143.125.30:59131] logged in with entity id 29545 at (-213.3435876979381, -37.0, 201.663082362574)
[21:11:03] [Server thread/INFO]: yerkoGm12 joined the game
[21:14:52] [Server thread/INFO]: rafcat[/127.143.125.30:41963] logged in with entity id 30645 at (-3559.699999988079, 17.0, -688.8522334126112)
[21:14:52] [Server thread/INFO]: rafcat joined the game
